<?xml version="1.0" encoding="UTF-8"?>
<testsuite name="com.study.udemy.UdemyApplicationTests" tests="1" skipped="0" failures="0" errors="0" timestamp="2022-05-08T11:34:17" hostname="hweyoungui-MacBookAir.local" time="0.243">
  <properties/>
  <testcase name="contextLoads()" classname="com.study.udemy.UdemyApplicationTests" time="0.243"/>
  <system-out><![CDATA[20:34:11.048 [Test worker] DEBUG org.springframework.test.context.BootstrapUtils - Instantiating CacheAwareContextLoaderDelegate from class [org.springframework.test.context.cache.DefaultCacheAwareContextLoaderDelegate]
20:34:11.061 [Test worker] DEBUG org.springframework.test.context.BootstrapUtils - Instantiating BootstrapContext using constructor [public org.springframework.test.context.support.DefaultBootstrapContext(java.lang.Class,org.springframework.test.context.CacheAwareContextLoaderDelegate)]
20:34:11.107 [Test worker] DEBUG org.springframework.test.context.BootstrapUtils - Instantiating TestContextBootstrapper for test class [com.study.udemy.UdemyApplicationTests] from class [org.springframework.boot.test.context.SpringBootTestContextBootstrapper]
20:34:11.123 [Test worker] INFO org.springframework.boot.test.context.SpringBootTestContextBootstrapper - Neither @ContextConfiguration nor @ContextHierarchy found for test class [com.study.udemy.UdemyApplicationTests], using SpringBootContextLoader
20:34:11.127 [Test worker] DEBUG org.springframework.test.context.support.AbstractContextLoader - Did not detect default resource location for test class [com.study.udemy.UdemyApplicationTests]: class path resource [com/study/udemy/UdemyApplicationTests-context.xml] does not exist
20:34:11.128 [Test worker] DEBUG org.springframework.test.context.support.AbstractContextLoader - Did not detect default resource location for test class [com.study.udemy.UdemyApplicationTests]: class path resource [com/study/udemy/UdemyApplicationTestsContext.groovy] does not exist
20:34:11.128 [Test worker] INFO org.springframework.test.context.support.AbstractContextLoader - Could not detect default resource locations for test class [com.study.udemy.UdemyApplicationTests]: no resource found for suffixes {-context.xml, Context.groovy}.
20:34:11.128 [Test worker] INFO org.springframework.test.context.support.AnnotationConfigContextLoaderUtils - Could not detect default configuration classes for test class [com.study.udemy.UdemyApplicationTests]: UdemyApplicationTests does not declare any static, non-private, non-final, nested classes annotated with @Configuration.
20:34:11.184 [Test worker] DEBUG org.springframework.test.context.support.ActiveProfilesUtils - Could not find an 'annotation declaring class' for annotation type [org.springframework.test.context.ActiveProfiles] and class [com.study.udemy.UdemyApplicationTests]
20:34:11.251 [Test worker] DEBUG org.springframework.context.annotation.ClassPathScanningCandidateComponentProvider - Identified candidate component class: file [/Users/hweyoung/Desktop/udemy_server/umc_server/build/classes/java/main/com/study/udemy/UdemyApplication.class]
20:34:11.254 [Test worker] INFO org.springframework.boot.test.context.SpringBootTestContextBootstrapper - Found @SpringBootConfiguration com.study.udemy.UdemyApplication for test class com.study.udemy.UdemyApplicationTests
20:34:11.347 [Test worker] DEBUG org.springframework.boot.test.context.SpringBootTestContextBootstrapper - @TestExecutionListeners is not present for class [com.study.udemy.UdemyApplicationTests]: using defaults.
20:34:11.348 [Test worker] INFO org.springframework.boot.test.context.SpringBootTestContextBootstrapper - Loaded default TestExecutionListener class names from location [META-INF/spring.factories]: [org.springframework.boot.test.autoconfigure.restdocs.RestDocsTestExecutionListener, org.springframework.boot.test.autoconfigure.web.client.MockRestServiceServerResetTestExecutionListener, org.springframework.boot.test.autoconfigure.web.servlet.MockMvcPrintOnlyOnFailureTestExecutionListener, org.springframework.boot.test.autoconfigure.web.servlet.WebDriverTestExecutionListener, org.springframework.boot.test.autoconfigure.webservices.client.MockWebServiceServerTestExecutionListener, org.springframework.boot.test.mock.mockito.MockitoTestExecutionListener, org.springframework.boot.test.mock.mockito.ResetMocksTestExecutionListener, org.springframework.test.context.web.ServletTestExecutionListener, org.springframework.test.context.support.DirtiesContextBeforeModesTestExecutionListener, org.springframework.test.context.event.ApplicationEventsTestExecutionListener, org.springframework.test.context.support.DependencyInjectionTestExecutionListener, org.springframework.test.context.support.DirtiesContextTestExecutionListener, org.springframework.test.context.transaction.TransactionalTestExecutionListener, org.springframework.test.context.jdbc.SqlScriptsTestExecutionListener, org.springframework.test.context.event.EventPublishingTestExecutionListener]
20:34:11.364 [Test worker] INFO org.springframework.boot.test.context.SpringBootTestContextBootstrapper - Using TestExecutionListeners: [org.springframework.test.context.web.ServletTestExecutionListener@aec50a1, org.springframework.test.context.support.DirtiesContextBeforeModesTestExecutionListener@2555fff0, org.springframework.test.context.event.ApplicationEventsTestExecutionListener@70d2e40b, org.springframework.boot.test.mock.mockito.MockitoTestExecutionListener@120f38e6, org.springframework.boot.test.autoconfigure.SpringBootDependencyInjectionTestExecutionListener@7a0e1b5e, org.springframework.test.context.support.DirtiesContextTestExecutionListener@702ed190, org.springframework.test.context.transaction.TransactionalTestExecutionListener@173b9122, org.springframework.test.context.jdbc.SqlScriptsTestExecutionListener@7c18432b, org.springframework.test.context.event.EventPublishingTestExecutionListener@7646731d, org.springframework.boot.test.autoconfigure.restdocs.RestDocsTestExecutionListener@70e29e14, org.springframework.boot.test.autoconfigure.web.client.MockRestServiceServerResetTestExecutionListener@3b1bb3ab, org.springframework.boot.test.autoconfigure.web.servlet.MockMvcPrintOnlyOnFailureTestExecutionListener@5a4bef8, org.springframework.boot.test.autoconfigure.web.servlet.WebDriverTestExecutionListener@40bffbca, org.springframework.boot.test.autoconfigure.webservices.client.MockWebServiceServerTestExecutionListener@2449cff7, org.springframework.boot.test.mock.mockito.ResetMocksTestExecutionListener@42a9a63e]
20:34:11.367 [Test worker] DEBUG org.springframework.test.context.support.AbstractDirtiesContextTestExecutionListener - Before test class: context [DefaultTestContext@596df867 testClass = UdemyApplicationTests, testInstance = [null], testMethod = [null], testException = [null], mergedContextConfiguration = [WebMergedContextConfiguration@c1fca1e testClass = UdemyApplicationTests, locations = '{}', classes = '{class com.study.udemy.UdemyApplication}', contextInitializerClasses = '[]', activeProfiles = '{}', propertySourceLocations = '{}', propertySourceProperties = '{org.springframework.boot.test.context.SpringBootTestContextBootstrapper=true}', contextCustomizers = set[org.springframework.boot.test.autoconfigure.actuate.metrics.MetricsExportContextCustomizerFactory$DisableMetricExportContextCustomizer@4a11eb84, org.springframework.boot.test.autoconfigure.properties.PropertyMappingContextCustomizer@0, org.springframework.boot.test.autoconfigure.web.servlet.WebDriverContextCustomizerFactory$Customizer@5d1659ea, org.springframework.boot.test.context.filter.ExcludeFilterContextCustomizer@43aaf813, org.springframework.boot.test.json.DuplicateJsonObjectContextCustomizerFactory$DuplicateJsonObjectContextCustomizer@e98770d, org.springframework.boot.test.mock.mockito.MockitoContextCustomizer@0, org.springframework.boot.test.web.client.TestRestTemplateContextCustomizer@625abb97, org.springframework.boot.test.context.SpringBootTestArgs@1, org.springframework.boot.test.context.SpringBootTestWebEnvironment@13d73f29], resourceBasePath = 'src/main/webapp', contextLoader = 'org.springframework.boot.test.context.SpringBootContextLoader', parent = [null]], attributes = map['org.springframework.test.context.web.ServletTestExecutionListener.activateListener' -> true]], class annotated with @DirtiesContext [false] with mode [null].

  .   ____          _            __ _ _
 /\\ / ___'_ __ _ _(_)_ __  __ _ \ \ \ \
( ( )\___ | '_ | '_| | '_ \/ _` | \ \ \ \
 \\/  ___)| |_)| | | | | || (_| |  ) ) ) )
  '  |____| .__|_| |_|_| |_\__, | / / / /
 =========|_|==============|___/=/_/_/_/
 :: Spring Boot ::                (v2.6.7)

20:34:12.058 INFO  [File:StartupInfoLogger.java] [Func:logStarting] [Line:55] [Message:Starting UdemyApplicationTests using Java 11.0.12 on hweyoungui-MacBookAir.local with PID 21685 (started by hweyoung in /Users/hweyoung/Desktop/udemy_server/umc_server)]- Starting UdemyApplicationTests using Java 11.0.12 on hweyoungui-MacBookAir.local with PID 21685 (started by hweyoung in /Users/hweyoung/Desktop/udemy_server/umc_server)
20:34:12.061 INFO  [File:SpringApplication.java] [Func:logStartupProfileInfo] [Line:640] [Message:No active profile set, falling back to 1 default profile: "default"]- No active profile set, falling back to 1 default profile: "default"
20:34:13.352 INFO  [File:RepositoryConfigurationDelegate.java] [Func:registerRepositoriesIn] [Line:132] [Message:Bootstrapping Spring Data JPA repositories in DEFAULT mode.]- Bootstrapping Spring Data JPA repositories in DEFAULT mode.
20:34:13.380 INFO  [File:RepositoryConfigurationDelegate.java] [Func:registerRepositoriesIn] [Line:201] [Message:Finished Spring Data repository scanning in 18 ms. Found 0 JPA repository interfaces.]- Finished Spring Data repository scanning in 18 ms. Found 0 JPA repository interfaces.
20:34:14.261 INFO  [File:HikariDataSource.java] [Func:getConnection] [Line:110] [Message:HikariPool-1 - Starting...]- HikariPool-1 - Starting...
20:34:14.975 INFO  [File:HikariDataSource.java] [Func:getConnection] [Line:123] [Message:HikariPool-1 - Start completed.]- HikariPool-1 - Start completed.
20:34:15.180 INFO  [File:LogHelper.java] [Func:logPersistenceUnitInformation] [Line:31] [Message:HHH000204: Processing PersistenceUnitInfo [name: default]]- HHH000204: Processing PersistenceUnitInfo [name: default]
20:34:15.226 INFO  [File:Version.java] [Func:logVersion] [Line:44] [Message:HHH000412: Hibernate ORM core version 5.6.8.Final]- HHH000412: Hibernate ORM core version 5.6.8.Final
20:34:15.452 INFO  [File:JavaReflectionManager.java] [Func:<clinit>] [Line:56] [Message:HCANN000001: Hibernate Commons Annotations {5.1.2.Final}]- HCANN000001: Hibernate Commons Annotations {5.1.2.Final}
20:34:15.580 INFO  [File:Dialect.java] [Func:<init>] [Line:175] [Message:HHH000400: Using dialect: org.hibernate.dialect.MySQL8Dialect]- HHH000400: Using dialect: org.hibernate.dialect.MySQL8Dialect
20:34:15.749 INFO  [File:JtaPlatformInitiator.java] [Func:initiateService] [Line:52] [Message:HHH000490: Using JtaPlatform implementation: [org.hibernate.engine.transaction.jta.platform.internal.NoJtaPlatform]]- HHH000490: Using JtaPlatform implementation: [org.hibernate.engine.transaction.jta.platform.internal.NoJtaPlatform]
20:34:15.758 INFO  [File:AbstractEntityManagerFactoryBean.java] [Func:buildNativeEntityManagerFactory] [Line:437] [Message:Initialized JPA EntityManagerFactory for persistence unit 'default']- Initialized JPA EntityManagerFactory for persistence unit 'default'
20:34:15.950 WARN  [File:JpaBaseConfiguration.java] [Func:openEntityManagerInViewInterceptor] [Line:219] [Message:spring.jpa.open-in-view is enabled by default. Therefore, database queries may be performed during view rendering. Explicitly configure spring.jpa.open-in-view to disable this warning]- spring.jpa.open-in-view is enabled by default. Therefore, database queries may be performed during view rendering. Explicitly configure spring.jpa.open-in-view to disable this warning
20:34:16.211 WARN  [File:UserDetailsServiceAutoConfiguration.java] [Func:getOrDeducePassword] [Line:87] [Message:

Using generated security password: c18a20de-b602-4fd7-afc6-9d9f4e7cd1bd

This generated password is for development use only. Your security configuration must be updated before running your application in production.
]- 

Using generated security password: c18a20de-b602-4fd7-afc6-9d9f4e7cd1bd

This generated password is for development use only. Your security configuration must be updated before running your application in production.

20:34:16.451 INFO  [File:DefaultSecurityFilterChain.java] [Func:<init>] [Line:55] [Message:Will secure any request with [org.springframework.security.web.context.request.async.WebAsyncManagerIntegrationFilter@15f11bfb, org.springframework.security.web.context.SecurityContextPersistenceFilter@53432aef, org.springframework.security.web.header.HeaderWriterFilter@19f1be04, org.springframework.security.web.authentication.logout.LogoutFilter@7d49a1a0, org.springframework.security.web.savedrequest.RequestCacheAwareFilter@414e8b31, org.springframework.security.web.servletapi.SecurityContextHolderAwareRequestFilter@3164d5aa, org.springframework.security.web.authentication.AnonymousAuthenticationFilter@16a499d1, org.springframework.security.web.session.SessionManagementFilter@5a57cf90, org.springframework.security.web.access.ExceptionTranslationFilter@416d90f0]]- Will secure any request with [org.springframework.security.web.context.request.async.WebAsyncManagerIntegrationFilter@15f11bfb, org.springframework.security.web.context.SecurityContextPersistenceFilter@53432aef, org.springframework.security.web.header.HeaderWriterFilter@19f1be04, org.springframework.security.web.authentication.logout.LogoutFilter@7d49a1a0, org.springframework.security.web.savedrequest.RequestCacheAwareFilter@414e8b31, org.springframework.security.web.servletapi.SecurityContextHolderAwareRequestFilter@3164d5aa, org.springframework.security.web.authentication.AnonymousAuthenticationFilter@16a499d1, org.springframework.security.web.session.SessionManagementFilter@5a57cf90, org.springframework.security.web.access.ExceptionTranslationFilter@416d90f0]
20:34:17.762 INFO  [File:StartupInfoLogger.java] [Func:logStarted] [Line:61] [Message:Started UdemyApplicationTests in 6.268 seconds (JVM running for 7.954)]- Started UdemyApplicationTests in 6.268 seconds (JVM running for 7.954)
]]></system-out>
  <system-err><![CDATA[]]></system-err>
</testsuite>
