<?xml version="1.0" encoding="UTF-8"?>
<testsuite name="com.study.udemy.UdemyApplicationTests" tests="1" skipped="0" failures="0" errors="0" timestamp="2022-05-09T07:31:25" hostname="hweyoungui-MacBookAir.local" time="0.23">
  <properties/>
  <testcase name="contextLoads()" classname="com.study.udemy.UdemyApplicationTests" time="0.23"/>
  <system-out><![CDATA[16:31:18.294 [Test worker] DEBUG org.springframework.test.context.BootstrapUtils - Instantiating CacheAwareContextLoaderDelegate from class [org.springframework.test.context.cache.DefaultCacheAwareContextLoaderDelegate]
16:31:18.337 [Test worker] DEBUG org.springframework.test.context.BootstrapUtils - Instantiating BootstrapContext using constructor [public org.springframework.test.context.support.DefaultBootstrapContext(java.lang.Class,org.springframework.test.context.CacheAwareContextLoaderDelegate)]
16:31:18.385 [Test worker] DEBUG org.springframework.test.context.BootstrapUtils - Instantiating TestContextBootstrapper for test class [com.study.udemy.UdemyApplicationTests] from class [org.springframework.boot.test.context.SpringBootTestContextBootstrapper]
16:31:18.399 [Test worker] INFO org.springframework.boot.test.context.SpringBootTestContextBootstrapper - Neither @ContextConfiguration nor @ContextHierarchy found for test class [com.study.udemy.UdemyApplicationTests], using SpringBootContextLoader
16:31:18.403 [Test worker] DEBUG org.springframework.test.context.support.AbstractContextLoader - Did not detect default resource location for test class [com.study.udemy.UdemyApplicationTests]: class path resource [com/study/udemy/UdemyApplicationTests-context.xml] does not exist
16:31:18.404 [Test worker] DEBUG org.springframework.test.context.support.AbstractContextLoader - Did not detect default resource location for test class [com.study.udemy.UdemyApplicationTests]: class path resource [com/study/udemy/UdemyApplicationTestsContext.groovy] does not exist
16:31:18.404 [Test worker] INFO org.springframework.test.context.support.AbstractContextLoader - Could not detect default resource locations for test class [com.study.udemy.UdemyApplicationTests]: no resource found for suffixes {-context.xml, Context.groovy}.
16:31:18.405 [Test worker] INFO org.springframework.test.context.support.AnnotationConfigContextLoaderUtils - Could not detect default configuration classes for test class [com.study.udemy.UdemyApplicationTests]: UdemyApplicationTests does not declare any static, non-private, non-final, nested classes annotated with @Configuration.
16:31:18.466 [Test worker] DEBUG org.springframework.test.context.support.ActiveProfilesUtils - Could not find an 'annotation declaring class' for annotation type [org.springframework.test.context.ActiveProfiles] and class [com.study.udemy.UdemyApplicationTests]
16:31:18.538 [Test worker] DEBUG org.springframework.context.annotation.ClassPathScanningCandidateComponentProvider - Identified candidate component class: file [/Users/hweyoung/Desktop/udemy_server/umc_server/build/classes/java/main/com/study/udemy/UdemyApplication.class]
16:31:18.542 [Test worker] INFO org.springframework.boot.test.context.SpringBootTestContextBootstrapper - Found @SpringBootConfiguration com.study.udemy.UdemyApplication for test class com.study.udemy.UdemyApplicationTests
16:31:18.642 [Test worker] DEBUG org.springframework.boot.test.context.SpringBootTestContextBootstrapper - @TestExecutionListeners is not present for class [com.study.udemy.UdemyApplicationTests]: using defaults.
16:31:18.643 [Test worker] INFO org.springframework.boot.test.context.SpringBootTestContextBootstrapper - Loaded default TestExecutionListener class names from location [META-INF/spring.factories]: [org.springframework.boot.test.autoconfigure.restdocs.RestDocsTestExecutionListener, org.springframework.boot.test.autoconfigure.web.client.MockRestServiceServerResetTestExecutionListener, org.springframework.boot.test.autoconfigure.web.servlet.MockMvcPrintOnlyOnFailureTestExecutionListener, org.springframework.boot.test.autoconfigure.web.servlet.WebDriverTestExecutionListener, org.springframework.boot.test.autoconfigure.webservices.client.MockWebServiceServerTestExecutionListener, org.springframework.boot.test.mock.mockito.MockitoTestExecutionListener, org.springframework.boot.test.mock.mockito.ResetMocksTestExecutionListener, org.springframework.test.context.web.ServletTestExecutionListener, org.springframework.test.context.support.DirtiesContextBeforeModesTestExecutionListener, org.springframework.test.context.event.ApplicationEventsTestExecutionListener, org.springframework.test.context.support.DependencyInjectionTestExecutionListener, org.springframework.test.context.support.DirtiesContextTestExecutionListener, org.springframework.test.context.transaction.TransactionalTestExecutionListener, org.springframework.test.context.jdbc.SqlScriptsTestExecutionListener, org.springframework.test.context.event.EventPublishingTestExecutionListener]
16:31:18.658 [Test worker] INFO org.springframework.boot.test.context.SpringBootTestContextBootstrapper - Using TestExecutionListeners: [org.springframework.test.context.web.ServletTestExecutionListener@aec50a1, org.springframework.test.context.support.DirtiesContextBeforeModesTestExecutionListener@2555fff0, org.springframework.test.context.event.ApplicationEventsTestExecutionListener@70d2e40b, org.springframework.boot.test.mock.mockito.MockitoTestExecutionListener@120f38e6, org.springframework.boot.test.autoconfigure.SpringBootDependencyInjectionTestExecutionListener@7a0e1b5e, org.springframework.test.context.support.DirtiesContextTestExecutionListener@702ed190, org.springframework.test.context.transaction.TransactionalTestExecutionListener@173b9122, org.springframework.test.context.jdbc.SqlScriptsTestExecutionListener@7c18432b, org.springframework.test.context.event.EventPublishingTestExecutionListener@7646731d, org.springframework.boot.test.autoconfigure.restdocs.RestDocsTestExecutionListener@70e29e14, org.springframework.boot.test.autoconfigure.web.client.MockRestServiceServerResetTestExecutionListener@3b1bb3ab, org.springframework.boot.test.autoconfigure.web.servlet.MockMvcPrintOnlyOnFailureTestExecutionListener@5a4bef8, org.springframework.boot.test.autoconfigure.web.servlet.WebDriverTestExecutionListener@40bffbca, org.springframework.boot.test.autoconfigure.webservices.client.MockWebServiceServerTestExecutionListener@2449cff7, org.springframework.boot.test.mock.mockito.ResetMocksTestExecutionListener@42a9a63e]
16:31:18.661 [Test worker] DEBUG org.springframework.test.context.support.AbstractDirtiesContextTestExecutionListener - Before test class: context [DefaultTestContext@596df867 testClass = UdemyApplicationTests, testInstance = [null], testMethod = [null], testException = [null], mergedContextConfiguration = [WebMergedContextConfiguration@c1fca1e testClass = UdemyApplicationTests, locations = '{}', classes = '{class com.study.udemy.UdemyApplication}', contextInitializerClasses = '[]', activeProfiles = '{}', propertySourceLocations = '{}', propertySourceProperties = '{org.springframework.boot.test.context.SpringBootTestContextBootstrapper=true}', contextCustomizers = set[org.springframework.boot.test.autoconfigure.actuate.metrics.MetricsExportContextCustomizerFactory$DisableMetricExportContextCustomizer@4a11eb84, org.springframework.boot.test.autoconfigure.properties.PropertyMappingContextCustomizer@0, org.springframework.boot.test.autoconfigure.web.servlet.WebDriverContextCustomizerFactory$Customizer@5d1659ea, org.springframework.boot.test.context.filter.ExcludeFilterContextCustomizer@43aaf813, org.springframework.boot.test.json.DuplicateJsonObjectContextCustomizerFactory$DuplicateJsonObjectContextCustomizer@e98770d, org.springframework.boot.test.mock.mockito.MockitoContextCustomizer@0, org.springframework.boot.test.web.client.TestRestTemplateContextCustomizer@625abb97, org.springframework.boot.test.context.SpringBootTestArgs@1, org.springframework.boot.test.context.SpringBootTestWebEnvironment@13d73f29], resourceBasePath = 'src/main/webapp', contextLoader = 'org.springframework.boot.test.context.SpringBootContextLoader', parent = [null]], attributes = map['org.springframework.test.context.web.ServletTestExecutionListener.activateListener' -> true]], class annotated with @DirtiesContext [false] with mode [null].

  .   ____          _            __ _ _
 /\\ / ___'_ __ _ _(_)_ __  __ _ \ \ \ \
( ( )\___ | '_ | '_| | '_ \/ _` | \ \ \ \
 \\/  ___)| |_)| | | | | || (_| |  ) ) ) )
  '  |____| .__|_| |_|_| |_\__, | / / / /
 =========|_|==============|___/=/_/_/_/
 :: Spring Boot ::                (v2.6.7)

16:31:19.536 INFO  [File:StartupInfoLogger.java] [Func:logStarting] [Line:55] [Message:Starting UdemyApplicationTests using Java 11.0.12 on hweyoungui-MacBookAir.local with PID 25822 (started by hweyoung in /Users/hweyoung/Desktop/udemy_server/umc_server)]- Starting UdemyApplicationTests using Java 11.0.12 on hweyoungui-MacBookAir.local with PID 25822 (started by hweyoung in /Users/hweyoung/Desktop/udemy_server/umc_server)
16:31:19.542 INFO  [File:SpringApplication.java] [Func:logStartupProfileInfo] [Line:640] [Message:No active profile set, falling back to 1 default profile: "default"]- No active profile set, falling back to 1 default profile: "default"
16:31:20.859 INFO  [File:RepositoryConfigurationDelegate.java] [Func:registerRepositoriesIn] [Line:132] [Message:Bootstrapping Spring Data JPA repositories in DEFAULT mode.]- Bootstrapping Spring Data JPA repositories in DEFAULT mode.
16:31:20.897 INFO  [File:RepositoryConfigurationDelegate.java] [Func:registerRepositoriesIn] [Line:201] [Message:Finished Spring Data repository scanning in 28 ms. Found 0 JPA repository interfaces.]- Finished Spring Data repository scanning in 28 ms. Found 0 JPA repository interfaces.
16:31:21.815 INFO  [File:HikariDataSource.java] [Func:getConnection] [Line:110] [Message:HikariPool-1 - Starting...]- HikariPool-1 - Starting...
16:31:22.647 INFO  [File:HikariDataSource.java] [Func:getConnection] [Line:123] [Message:HikariPool-1 - Start completed.]- HikariPool-1 - Start completed.
16:31:22.830 INFO  [File:LogHelper.java] [Func:logPersistenceUnitInformation] [Line:31] [Message:HHH000204: Processing PersistenceUnitInfo [name: default]]- HHH000204: Processing PersistenceUnitInfo [name: default]
16:31:22.896 INFO  [File:Version.java] [Func:logVersion] [Line:44] [Message:HHH000412: Hibernate ORM core version 5.6.8.Final]- HHH000412: Hibernate ORM core version 5.6.8.Final
16:31:23.136 INFO  [File:JavaReflectionManager.java] [Func:<clinit>] [Line:56] [Message:HCANN000001: Hibernate Commons Annotations {5.1.2.Final}]- HCANN000001: Hibernate Commons Annotations {5.1.2.Final}
16:31:23.258 INFO  [File:Dialect.java] [Func:<init>] [Line:175] [Message:HHH000400: Using dialect: org.hibernate.dialect.MySQL8Dialect]- HHH000400: Using dialect: org.hibernate.dialect.MySQL8Dialect
16:31:23.420 INFO  [File:JtaPlatformInitiator.java] [Func:initiateService] [Line:52] [Message:HHH000490: Using JtaPlatform implementation: [org.hibernate.engine.transaction.jta.platform.internal.NoJtaPlatform]]- HHH000490: Using JtaPlatform implementation: [org.hibernate.engine.transaction.jta.platform.internal.NoJtaPlatform]
16:31:23.431 INFO  [File:AbstractEntityManagerFactoryBean.java] [Func:buildNativeEntityManagerFactory] [Line:437] [Message:Initialized JPA EntityManagerFactory for persistence unit 'default']- Initialized JPA EntityManagerFactory for persistence unit 'default'
16:31:23.659 WARN  [File:JpaBaseConfiguration.java] [Func:openEntityManagerInViewInterceptor] [Line:219] [Message:spring.jpa.open-in-view is enabled by default. Therefore, database queries may be performed during view rendering. Explicitly configure spring.jpa.open-in-view to disable this warning]- spring.jpa.open-in-view is enabled by default. Therefore, database queries may be performed during view rendering. Explicitly configure spring.jpa.open-in-view to disable this warning
16:31:23.902 WARN  [File:UserDetailsServiceAutoConfiguration.java] [Func:getOrDeducePassword] [Line:87] [Message:

Using generated security password: a56857d7-98e5-473c-9da5-0ff3fea3be26

This generated password is for development use only. Your security configuration must be updated before running your application in production.
]- 

Using generated security password: a56857d7-98e5-473c-9da5-0ff3fea3be26

This generated password is for development use only. Your security configuration must be updated before running your application in production.

16:31:24.047 INFO  [File:DefaultSecurityFilterChain.java] [Func:<init>] [Line:55] [Message:Will secure any request with [org.springframework.security.web.context.request.async.WebAsyncManagerIntegrationFilter@595184d8, org.springframework.security.web.context.SecurityContextPersistenceFilter@467a2584, org.springframework.security.web.header.HeaderWriterFilter@6d6712b7, org.springframework.security.web.authentication.logout.LogoutFilter@f08f8a9, org.springframework.security.web.savedrequest.RequestCacheAwareFilter@5a57cf90, org.springframework.security.web.servletapi.SecurityContextHolderAwareRequestFilter@b90c5a5, org.springframework.security.web.authentication.AnonymousAuthenticationFilter@7d49a1a0, org.springframework.security.web.session.SessionManagementFilter@7535f28, org.springframework.security.web.access.ExceptionTranslationFilter@369fb99a]]- Will secure any request with [org.springframework.security.web.context.request.async.WebAsyncManagerIntegrationFilter@595184d8, org.springframework.security.web.context.SecurityContextPersistenceFilter@467a2584, org.springframework.security.web.header.HeaderWriterFilter@6d6712b7, org.springframework.security.web.authentication.logout.LogoutFilter@f08f8a9, org.springframework.security.web.savedrequest.RequestCacheAwareFilter@5a57cf90, org.springframework.security.web.servletapi.SecurityContextHolderAwareRequestFilter@b90c5a5, org.springframework.security.web.authentication.AnonymousAuthenticationFilter@7d49a1a0, org.springframework.security.web.session.SessionManagementFilter@7535f28, org.springframework.security.web.access.ExceptionTranslationFilter@369fb99a]
16:31:25.494 INFO  [File:StartupInfoLogger.java] [Func:logStarted] [Line:61] [Message:Started UdemyApplicationTests in 6.707 seconds (JVM running for 8.447)]- Started UdemyApplicationTests in 6.707 seconds (JVM running for 8.447)
]]></system-out>
  <system-err><![CDATA[]]></system-err>
</testsuite>
